# JRE version: Java(TM) SE Runtime Environment (8.0_25-b18) (build 1.8.0_25-b18)
# Java VM: Java HotSpot(TM) 64-Bit Server VM (25.25-b02 mixed mode windows-amd64 compressed oops)
Heap:
 PSYoungGen      total 53760K, used 46659K [0x00000007bc400000, 0x00000007c0000000, 0x00000007c0000000)
  eden space 45568K, 98% used [0x00000007bc400000,0x00000007befe5ab0,0x00000007bf080000)
  from space 8192K, 20% used [0x00000007bf800000,0x00000007bf9ab4b0,0x00000007c0000000)
  to   space 7680K, 0% used [0x00000007bf080000,0x00000007bf080000,0x00000007bf800000)
 ParOldGen       total 113152K, used 62230K [0x0000000700000000, 0x0000000706e80000, 0x00000007bc400000)
  object space 113152K, 54% used [0x0000000700000000,0x0000000703cc5b78,0x0000000706e80000)
 Metaspace       used 60430K, capacity 60891K, committed 61312K, reserved 1101824K
  class space    used 8483K, capacity 8556K, committed 8576K, reserved 1048576K
GC Heap History (10 events):
Event: 20460.899 GC heap before
{Heap before GC invocations=277 (full 23):
 PSYoungGen      total 52224K, used 43959K [0x00000007bc400000, 0x00000007c0000000, 0x00000007c0000000)
  eden space 43008K, 100% used [0x00000007bc400000,0x00000007bee00000,0x00000007bee00000)
  from space 9216K, 10% used [0x00000007bee00000,0x00000007beeedc70,0x00000007bf700000)
  to   space 9216K, 0% used [0x00000007bf700000,0x00000007bf700000,0x00000007c0000000)
 ParOldGen       total 113152K, used 62222K [0x0000000700000000, 0x0000000706e80000, 0x00000007bc400000)
  object space 113152K, 54% used [0x0000000700000000,0x0000000703cc3b78,0x0000000706e80000)
 Metaspace       used 60301K, capacity 60731K, committed 61312K, reserved 1101824K
  class space    used 8455K, capacity 8524K, committed 8576K, reserved 1048576K
Event: 20460.903 GC heap after
Heap after GC invocations=277 (full 23):
 PSYoungGen      total 52736K, used 874K [0x00000007bc400000, 0x00000007c0000000, 0x00000007c0000000)
  eden space 43520K, 0% used [0x00000007bc400000,0x00000007bc400000,0x00000007bee80000)
  from space 9216K, 9% used [0x00000007bf700000,0x00000007bf7da8e0,0x00000007c0000000)
  to   space 8704K, 0% used [0x00000007bee80000,0x00000007bee80000,0x00000007bf700000)
 ParOldGen       total 113152K, used 62222K [0x0000000700000000, 0x0000000706e80000, 0x00000007bc400000)
  object space 113152K, 54% used [0x0000000700000000,0x0000000703cc3b78,0x0000000706e80000)
 Metaspace       used 60301K, capacity 60731K, committed 61312K, reserved 1101824K
  class space    used 8455K, capacity 8524K, committed 8576K, reserved 1048576K
}
Event: 20510.258 GC heap before
{Heap before GC invocations=278 (full 23):
 PSYoungGen      total 52736K, used 44394K [0x00000007bc400000, 0x00000007c0000000, 0x00000007c0000000)
  eden space 43520K, 100% used [0x00000007bc400000,0x00000007bee80000,0x00000007bee80000)
  from space 9216K, 9% used [0x00000007bf700000,0x00000007bf7da8e0,0x00000007c0000000)
  to   space 8704K, 0% used [0x00000007bee80000,0x00000007bee80000,0x00000007bf700000)
 ParOldGen       total 113152K, used 62222K [0x0000000700000000, 0x0000000706e80000, 0x00000007bc400000)
  object space 113152K, 54% used [0x0000000700000000,0x0000000703cc3b78,0x0000000706e80000)
 Metaspace       used 60303K, capacity 60731K, committed 61312K, reserved 1101824K
  class space    used 8455K, capacity 8524K, committed 8576K, reserved 1048576K
Event: 20510.265 GC heap after
Heap after GC invocations=278 (full 23):
 PSYoungGen      total 52224K, used 874K [0x00000007bc400000, 0x00000007c0000000, 0x00000007c0000000)
  eden space 43520K, 0% used [0x00000007bc400000,0x00000007bc400000,0x00000007bee80000)
  from space 8704K, 10% used [0x00000007bee80000,0x00000007bef5a8e0,0x00000007bf700000)
  to   space 8704K, 0% used [0x00000007bf780000,0x00000007bf780000,0x00000007c0000000)
 ParOldGen       total 113152K, used 62222K [0x0000000700000000, 0x0000000706e80000, 0x00000007bc400000)
  object space 113152K, 54% used [0x0000000700000000,0x0000000703cc3b78,0x0000000706e80000)
 Metaspace       used 60303K, capacity 60731K, committed 61312K, reserved 1101824K
  class space    used 8455K, capacity 8524K, committed 8576K, reserved 1048576K
}
Event: 20574.357 GC heap before
{Heap before GC invocations=279 (full 23):
 PSYoungGen      total 52224K, used 44394K [0x00000007bc400000, 0x00000007c0000000, 0x00000007c0000000)
  eden space 43520K, 100% used [0x00000007bc400000,0x00000007bee80000,0x00000007bee80000)
  from space 8704K, 10% used [0x00000007bee80000,0x00000007bef5a8e0,0x00000007bf700000)
  to   space 8704K, 0% used [0x00000007bf780000,0x00000007bf780000,0x00000007c0000000)
 ParOldGen       total 113152K, used 62222K [0x0000000700000000, 0x0000000706e80000, 0x00000007bc400000)
  object space 113152K, 54% used [0x0000000700000000,0x0000000703cc3b78,0x0000000706e80000)
 Metaspace       used 60318K, capacity 60731K, committed 61312K, reserved 1101824K
  class space    used 8455K, capacity 8524K, committed 8576K, reserved 1048576K
Event: 20574.362 GC heap after
Heap after GC invocations=279 (full 23):
 PSYoungGen      total 52736K, used 1218K [0x00000007bc400000, 0x00000007c0000000, 0x00000007c0000000)
  eden space 44032K, 0% used [0x00000007bc400000,0x00000007bc400000,0x00000007bef00000)
  from space 8704K, 14% used [0x00000007bf780000,0x00000007bf8b0bd0,0x00000007c0000000)
  to   space 8704K, 0% used [0x00000007bef00000,0x00000007bef00000,0x00000007bf780000)
 ParOldGen       total 113152K, used 62230K [0x0000000700000000, 0x0000000706e80000, 0x00000007bc400000)
  object space 113152K, 54% used [0x0000000700000000,0x0000000703cc5b78,0x0000000706e80000)
 Metaspace       used 60318K, capacity 60731K, committed 61312K, reserved 1101824K
  class space    used 8455K, capacity 8524K, committed 8576K, reserved 1048576K
}
Event: 20579.636 GC heap before
{Heap before GC invocations=280 (full 23):
 PSYoungGen      total 52736K, used 45250K [0x00000007bc400000, 0x00000007c0000000, 0x00000007c0000000)
  eden space 44032K, 100% used [0x00000007bc400000,0x00000007bef00000,0x00000007bef00000)
  from space 8704K, 14% used [0x00000007bf780000,0x00000007bf8b0bd0,0x00000007c0000000)
  to   space 8704K, 0% used [0x00000007bef00000,0x00000007bef00000,0x00000007bf780000)
 ParOldGen       total 113152K, used 62230K [0x0000000700000000, 0x0000000706e80000, 0x00000007bc400000)
  object space 113152K, 54% used [0x0000000700000000,0x0000000703cc5b78,0x0000000706e80000)
 Metaspace       used 60349K, capacity 60827K, committed 61312K, reserved 1101824K
  class space    used 8464K, capacity 8556K, committed 8576K, reserved 1048576K
Event: 20579.639 GC heap after
Heap after GC invocations=280 (full 23):
 PSYoungGen      total 52736K, used 1637K [0x00000007bc400000, 0x00000007c0000000, 0x00000007c0000000)
  eden space 44032K, 0% used [0x00000007bc400000,0x00000007bc400000,0x00000007bef00000)
  from space 8704K, 18% used [0x00000007bef00000,0x00000007bf099460,0x00000007bf780000)
  to   space 8192K, 0% used [0x00000007bf800000,0x00000007bf800000,0x00000007c0000000)
 ParOldGen       total 113152K, used 62230K [0x0000000700000000, 0x0000000706e80000, 0x00000007bc400000)
  object space 113152K, 54% used [0x0000000700000000,0x0000000703cc5b78,0x0000000706e80000)
 Metaspace       used 60349K, capacity 60827K, committed 61312K, reserved 1101824K
  class space    used 8464K, capacity 8556K, committed 8576K, reserved 1048576K
}
Event: 20585.085 GC heap before
{Heap before GC invocations=281 (full 23):
 PSYoungGen      total 52736K, used 45669K [0x00000007bc400000, 0x00000007c0000000, 0x00000007c0000000)
  eden space 44032K, 100% used [0x00000007bc400000,0x00000007bef00000,0x00000007bef00000)
  from space 8704K, 18% used [0x00000007bef00000,0x00000007bf099460,0x00000007bf780000)
  to   space 8192K, 0% used [0x00000007bf800000,0x00000007bf800000,0x00000007c0000000)
 ParOldGen       total 113152K, used 62230K [0x0000000700000000, 0x0000000706e80000, 0x00000007bc400000)
  object space 113152K, 54% used [0x0000000700000000,0x0000000703cc5b78,0x0000000706e80000)
 Metaspace       used 60352K, capacity 60827K, committed 61312K, reserved 1101824K
  class space    used 8464K, capacity 8556K, committed 8576K, reserved 1048576K
Event: 20585.094 GC heap after
Heap after GC invocations=281 (full 23):
 PSYoungGen      total 53760K, used 1709K [0x00000007bc400000, 0x00000007c0000000, 0x00000007c0000000)
  eden space 45568K, 0% used [0x00000007bc400000,0x00000007bc400000,0x00000007bf080000)
  from space 8192K, 20% used [0x00000007bf800000,0x00000007bf9ab4b0,0x00000007c0000000)
  to   space 7680K, 0% used [0x00000007bf080000,0x00000007bf080000,0x00000007bf800000)
 ParOldGen       total 113152K, used 62230K [0x0000000700000000, 0x0000000706e80000, 0x00000007bc400000)
  object space 113152K, 54% used [0x0000000700000000,0x0000000703cc5b78,0x0000000706e80000)
 Metaspace       used 60352K, capacity 60827K, committed 61312K, reserved 1101824K
  class space    used 8464K, capacity 8556K, committed 8576K, reserved 1048576K
}

